Added Component: Designator=B1(BATTERY)
Add component. Clean all parameters for all variants
Added Component: Designator=C1(Cap)
Add component. Clean all parameters for all variants
Added Component: Designator=C2(Cap)
Add component. Clean all parameters for all variants
Added Component: Designator=C3(Cap)
Add component. Clean all parameters for all variants
Added Component: Designator=C4(Cap)
Add component. Clean all parameters for all variants
Added Component: Designator=C5(Cap)
Add component. Clean all parameters for all variants
Added Component: Designator=C6(Cap)
Add component. Clean all parameters for all variants
Added Component: Designator=C7(电解电容)
Add component. Clean all parameters for all variants
Added Component: Designator=C8(电解电容)
Add component. Clean all parameters for all variants
Added Component: Designator=C9(Cap)
Add component. Clean all parameters for all variants
Added Component: Designator=C10(Cap)
Add component. Clean all parameters for all variants
Added Component: Designator=D1(Diode)
Add component. Clean all parameters for all variants
Add component (AddParameter): Name = "Code_JEDEC"; Value = "DO-214-AB"; VariantName = "[No Variations]"
Add component (AddParameter): Name = "LatestRevisionDate"; Value = "17-Jul-2002"; VariantName = "[No Variations]"
Add component (AddParameter): Name = "LatestRevisionNote"; Value = "Re-released for DXP Platform."; VariantName = "[No Variations]"
Add component (AddParameter): Name = "PackageDocument"; Value = "Sep-1996"; VariantName = "[No Variations]"
Add component (AddParameter): Name = "PackageReference"; Value = "SMC"; VariantName = "[No Variations]"
Add component (AddParameter): Name = "Published"; Value = "8-Jun-2000"; VariantName = "[No Variations]"
Add component (AddParameter): Name = "Publisher"; Value = "Altium Limited"; VariantName = "[No Variations]"
Added Component: Designator=D2(Diode)
Add component. Clean all parameters for all variants
Add component (AddParameter): Name = "Code_JEDEC"; Value = "DO-214-AB"; VariantName = "[No Variations]"
Add component (AddParameter): Name = "LatestRevisionDate"; Value = "17-Jul-2002"; VariantName = "[No Variations]"
Add component (AddParameter): Name = "LatestRevisionNote"; Value = "Re-released for DXP Platform."; VariantName = "[No Variations]"
Add component (AddParameter): Name = "PackageDocument"; Value = "Sep-1996"; VariantName = "[No Variations]"
Add component (AddParameter): Name = "PackageReference"; Value = "SMC"; VariantName = "[No Variations]"
Add component (AddParameter): Name = "Published"; Value = "8-Jun-2000"; VariantName = "[No Variations]"
Add component (AddParameter): Name = "Publisher"; Value = "Altium Limited"; VariantName = "[No Variations]"
Added Component: Designator=D3(Diode)
Add component. Clean all parameters for all variants
Add component (AddParameter): Name = "Code_JEDEC"; Value = "DO-214-AB"; VariantName = "[No Variations]"
Add component (AddParameter): Name = "LatestRevisionDate"; Value = "17-Jul-2002"; VariantName = "[No Variations]"
Add component (AddParameter): Name = "LatestRevisionNote"; Value = "Re-released for DXP Platform."; VariantName = "[No Variations]"
Add component (AddParameter): Name = "PackageDocument"; Value = "Sep-1996"; VariantName = "[No Variations]"
Add component (AddParameter): Name = "PackageReference"; Value = "SMC"; VariantName = "[No Variations]"
Add component (AddParameter): Name = "Published"; Value = "8-Jun-2000"; VariantName = "[No Variations]"
Add component (AddParameter): Name = "Publisher"; Value = "Altium Limited"; VariantName = "[No Variations]"
Added Component: Designator=D4(Diode)
Add component. Clean all parameters for all variants
Add component (AddParameter): Name = "Code_JEDEC"; Value = "DO-214-AB"; VariantName = "[No Variations]"
Add component (AddParameter): Name = "LatestRevisionDate"; Value = "17-Jul-2002"; VariantName = "[No Variations]"
Add component (AddParameter): Name = "LatestRevisionNote"; Value = "Re-released for DXP Platform."; VariantName = "[No Variations]"
Add component (AddParameter): Name = "PackageDocument"; Value = "Sep-1996"; VariantName = "[No Variations]"
Add component (AddParameter): Name = "PackageReference"; Value = "SMC"; VariantName = "[No Variations]"
Add component (AddParameter): Name = "Published"; Value = "8-Jun-2000"; VariantName = "[No Variations]"
Add component (AddParameter): Name = "Publisher"; Value = "Altium Limited"; VariantName = "[No Variations]"
Added Component: Designator=DS1(7-Segment)
Add component. Clean all parameters for all variants
Add component (AddParameter): Name = ""; Value = "7段数码管"; VariantName = "[No Variations]"
Add component (AddParameter): Name = "Colour"; Value = "Blue"; VariantName = "[No Variations]"
Add component (AddParameter): Name = "ComponentLink1Description"; Value = "Manufacturer Link"; VariantName = "[No Variations]"
Add component (AddParameter): Name = "ComponentLink1URL"; Value = "http://www.agilent.com/"; VariantName = "[No Variations]"
Add component (AddParameter): Name = "DatasheetVersion"; Value = "24-Sep-2002"; VariantName = "[No Variations]"
Add component (AddParameter): Name = "LatestRevisionDate"; Value = "17-Dec-2003"; VariantName = "[No Variations]"
Add component (AddParameter): Name = "LatestRevisionNote"; Value = "Schematic revised, PCB Footprint replaced."; VariantName = "[No Variations]"
Add component (AddParameter): Name = "MinimumIntensity"; Value = "2020 ucd"; VariantName = "[No Variations]"
Add component (AddParameter): Name = "Note"; Value = "IF = 10 mA"; VariantName = "[No Variations]"
Add component (AddParameter): Name = "PackageReference"; Value = "H"; VariantName = "[No Variations]"
Add component (AddParameter): Name = "PackageVersion"; Value = "24-Sep-2002"; VariantName = "[No Variations]"
Add component (AddParameter): Name = "Published"; Value = "8-Jun-2000"; VariantName = "[No Variations]"
Add component (AddParameter): Name = "Publisher"; Value = "Altium Limited"; VariantName = "[No Variations]"
Added Component: Designator=J1(USB-A)
Add component. Clean all parameters for all variants
Added Component: Designator=J2(DC JACK)
Add component. Clean all parameters for all variants
Add component (AddParameter): Name = "Fitted"; Value = "True"; VariantName = "[No Variations]"
Add component (AddParameter): Name = "Manufacturer"; Value = "Kycon"; VariantName = "[No Variations]"
Added Component: Designator=P1(XTAL 12M)
Add component. Clean all parameters for all variants
Added Component: Designator=P2(Header 3)
Add component. Clean all parameters for all variants
Add component (AddParameter): Name = "LatestRevisionDate"; Value = "17-Jul-2002"; VariantName = "[No Variations]"
Add component (AddParameter): Name = "LatestRevisionNote"; Value = "Re-released for DXP Platform."; VariantName = "[No Variations]"
Add component (AddParameter): Name = "Publisher"; Value = "Altium Limited"; VariantName = "[No Variations]"
Added Component: Designator=P3(LED)
Add component. Clean all parameters for all variants
Added Component: Designator=P4(LED)
Add component. Clean all parameters for all variants
Added Component: Designator=P5(LED)
Add component. Clean all parameters for all variants
Added Component: Designator=P6(CU-M3X6-10)
Add component. Clean all parameters for all variants
Add component (AddParameter): Name = "LatestRevisionDate"; Value = "17-Jul-2002"; VariantName = "[No Variations]"
Add component (AddParameter): Name = "LatestRevisionNote"; Value = "Re-released for DXP Platform."; VariantName = "[No Variations]"
Add component (AddParameter): Name = "Publisher"; Value = "Altium Limited"; VariantName = "[No Variations]"
Added Component: Designator=P7(CU-M3X6-10)
Add component. Clean all parameters for all variants
Add component (AddParameter): Name = "LatestRevisionDate"; Value = "17-Jul-2002"; VariantName = "[No Variations]"
Add component (AddParameter): Name = "LatestRevisionNote"; Value = "Re-released for DXP Platform."; VariantName = "[No Variations]"
Add component (AddParameter): Name = "Publisher"; Value = "Altium Limited"; VariantName = "[No Variations]"
Added Component: Designator=P8(CU-M3X6-10)
Add component. Clean all parameters for all variants
Add component (AddParameter): Name = "LatestRevisionDate"; Value = "17-Jul-2002"; VariantName = "[No Variations]"
Add component (AddParameter): Name = "LatestRevisionNote"; Value = "Re-released for DXP Platform."; VariantName = "[No Variations]"
Add component (AddParameter): Name = "Publisher"; Value = "Altium Limited"; VariantName = "[No Variations]"
Added Component: Designator=P9(CU-M3X6-10)
Add component. Clean all parameters for all variants
Add component (AddParameter): Name = "LatestRevisionDate"; Value = "17-Jul-2002"; VariantName = "[No Variations]"
Add component (AddParameter): Name = "LatestRevisionNote"; Value = "Re-released for DXP Platform."; VariantName = "[No Variations]"
Add component (AddParameter): Name = "Publisher"; Value = "Altium Limited"; VariantName = "[No Variations]"
Added Component: Designator=P10(排阻)
Add component. Clean all parameters for all variants
Add component (AddParameter): Name = "LatestRevisionDate"; Value = "17-Jul-2002"; VariantName = "[No Variations]"
Add component (AddParameter): Name = "LatestRevisionNote"; Value = "Re-released for DXP Platform."; VariantName = "[No Variations]"
Add component (AddParameter): Name = "Publisher"; Value = "Altium Limited"; VariantName = "[No Variations]"
Added Component: Designator=P11(XTAL 12M)
Add component. Clean all parameters for all variants
Added Component: Designator=P12(Header 2)
Add component. Clean all parameters for all variants
Add component (AddParameter): Name = "LatestRevisionDate"; Value = "17-Jul-2002"; VariantName = "[No Variations]"
Add component (AddParameter): Name = "LatestRevisionNote"; Value = "Re-released for DXP Platform."; VariantName = "[No Variations]"
Add component (AddParameter): Name = "Publisher"; Value = "Altium Limited"; VariantName = "[No Variations]"
Added Component: Designator=Q1(PNP)
Add component. Clean all parameters for all variants
Add component (AddParameter): Name = "Code_JEDEC"; Value = "SOT-23"; VariantName = "[No Variations]"
Add component (AddParameter): Name = "LatestRevisionDate"; Value = "17-Jul-2002"; VariantName = "[No Variations]"
Add component (AddParameter): Name = "LatestRevisionNote"; Value = "Re-released for DXP Platform."; VariantName = "[No Variations]"
Add component (AddParameter): Name = "PackageReference"; Value = "SOT-23B"; VariantName = "[No Variations]"
Add component (AddParameter): Name = "Published"; Value = "8-Jun-2000"; VariantName = "[No Variations]"
Add component (AddParameter): Name = "Publisher"; Value = "Altium Limited"; VariantName = "[No Variations]"
Added Component: Designator=R1(RES)
Add component. Clean all parameters for all variants
Added Component: Designator=R2(RES)
Add component. Clean all parameters for all variants
Added Component: Designator=R3(RES)
Add component. Clean all parameters for all variants
Added Component: Designator=R4(RES)
Add component. Clean all parameters for all variants
Added Component: Designator=R5(RPot)
Add component. Clean all parameters for all variants
Add component (AddParameter): Name = "LatestRevisionDate"; Value = "17-Jul-2002"; VariantName = "[No Variations]"
Add component (AddParameter): Name = "LatestRevisionNote"; Value = "Re-released for DXP Platform."; VariantName = "[No Variations]"
Add component (AddParameter): Name = "PackageReference"; Value = "VR5"; VariantName = "[No Variations]"
Add component (AddParameter): Name = "Published"; Value = "8-Jun-2000"; VariantName = "[No Variations]"
Add component (AddParameter): Name = "Publisher"; Value = "Altium Limited"; VariantName = "[No Variations]"
Add component (AddParameter): Name = "Set Position"; Value = "0.5"; VariantName = "[No Variations]"
Add component (AddParameter): Name = "Sim Note"; Value = "Enter the Resistance value and the set point into parameter fields."; VariantName = "[No Variations]"
Add component (AddParameter): Name = "Value"; Value = "10K"; VariantName = "[No Variations]"
Added Component: Designator=RESET(SW-66)
Add component. Clean all parameters for all variants
Added Component: Designator=S1(SW DPDT)
Add component. Clean all parameters for all variants
Add component (AddParameter): Name = "LatestRevisionDate"; Value = "17-Jul-2002"; VariantName = "[No Variations]"
Add component (AddParameter): Name = "LatestRevisionNote"; Value = "Re-released for DXP Platform."; VariantName = "[No Variations]"
Add component (AddParameter): Name = "PackageReference"; Value = "SOT23-6"; VariantName = "[No Variations]"
Add component (AddParameter): Name = "Published"; Value = "24-Mar-1999"; VariantName = "[No Variations]"
Add component (AddParameter): Name = "Publisher"; Value = "Altium Limited"; VariantName = "[No Variations]"
Added Component: Designator=U1(CH340G)
Add component. Clean all parameters for all variants
Added Component: Designator=U2(DS1302)
Add component. Clean all parameters for all variants
Added Component: Designator=U3(L7805)
Add component. Clean all parameters for all variants
Added Component: Designator=U4(LCD12864)
Add component. Clean all parameters for all variants
Added Component: Designator=U5(STC8951)
Add component. Clean all parameters for all variants
Added Component: Designator=X1(XTAL 32768)
Add component. Clean all parameters for all variants
Added Component: Designator=Z1(Beep)
Add component. Clean all parameters for all variants
Add component (AddParameter): Name = ""; Value = "蜂鸣器"; VariantName = "[No Variations]"
Added Pin To Net: NetName=GND Pin=B1-2
Added Pin To Net: NetName=GND Pin=C1-1
Added Pin To Net: NetName=GND Pin=C2-2
Added Pin To Net: NetName=GND Pin=C3-2
Added Pin To Net: NetName=GND Pin=C9-1
Added Pin To Net: NetName=GND Pin=C10-1
Added Pin To Net: NetName=GND Pin=J1-4
Added Pin To Net: NetName=GND Pin=J1-5
Added Pin To Net: NetName=GND Pin=J1-6
Added Pin To Net: NetName=GND Pin=P2-3
Added Pin To Net: NetName=GND Pin=P3-2
Added Pin To Net: NetName=GND Pin=Q1-3
Added Pin To Net: NetName=GND Pin=R4-1
Added Pin To Net: NetName=GND Pin=R5-2
Added Pin To Net: NetName=GND Pin=U1-1
Added Pin To Net: NetName=GND Pin=U2-4
Added Pin To Net: NetName=GND Pin=U4-1
Added Pin To Net: NetName=GND Pin=U4-20
Added Pin To Net: NetName=GND Pin=U5-20
Added Net: Name=GND
Added Pin To Net: NetName=NetB1_1 Pin=B1-1
Added Pin To Net: NetName=NetB1_1 Pin=U2-8
Added Net: Name=NetB1_1
Added Pin To Net: NetName=NetC1_2 Pin=C1-2
Added Pin To Net: NetName=NetC1_2 Pin=U1-4
Added Net: Name=NetC1_2
Added Pin To Net: NetName=NetC2_1 Pin=C2-1
Added Pin To Net: NetName=NetC2_1 Pin=P1-1
Added Pin To Net: NetName=NetC2_1 Pin=U1-7
Added Net: Name=NetC2_1
Added Pin To Net: NetName=NetC3_1 Pin=C3-1
Added Pin To Net: NetName=NetC3_1 Pin=P1-2
Added Pin To Net: NetName=NetC3_1 Pin=U1-8
Added Net: Name=NetC3_1
Added Pin To Net: NetName=NetC4_1 Pin=C4-1
Added Pin To Net: NetName=NetC4_1 Pin=C5-1
Added Pin To Net: NetName=NetC4_1 Pin=D3-2
Added Pin To Net: NetName=NetC4_1 Pin=J2-1
Added Pin To Net: NetName=NetC4_1 Pin=U3-1
Added Net: Name=NetC4_1
Added Pin To Net: NetName=NetC4_2 Pin=C4-2
Added Pin To Net: NetName=NetC4_2 Pin=C5-2
Added Pin To Net: NetName=NetC4_2 Pin=C6-1
Added Pin To Net: NetName=NetC4_2 Pin=C7-2
Added Pin To Net: NetName=NetC4_2 Pin=J2-2
Added Pin To Net: NetName=NetC4_2 Pin=J2-3
Added Pin To Net: NetName=NetC4_2 Pin=U3-2
Added Net: Name=NetC4_2
Added Pin To Net: NetName=NetC6_2 Pin=C6-2
Added Pin To Net: NetName=NetC6_2 Pin=C7-1
Added Pin To Net: NetName=NetC6_2 Pin=D3-1
Added Pin To Net: NetName=NetC6_2 Pin=D4-1
Added Pin To Net: NetName=NetC6_2 Pin=U3-3
Added Net: Name=NetC6_2
Added Pin To Net: NetName=NetD1_1 Pin=D1-1
Added Pin To Net: NetName=NetD1_1 Pin=J1-1
Added Net: Name=NetD1_1
Added Pin To Net: NetName=NetD1_2 Pin=D1-2
Added Pin To Net: NetName=NetD1_2 Pin=S1-2
Added Pin To Net: NetName=NetD1_2 Pin=U1-16
Added Net: Name=NetD1_2
Added Pin To Net: NetName=NetD2_2 Pin=D2-2
Added Pin To Net: NetName=NetD2_2 Pin=U1-2
Added Net: Name=NetD2_2
Added Pin To Net: NetName=NetD4_2 Pin=D4-2
Added Pin To Net: NetName=NetD4_2 Pin=S1-5
Added Net: Name=NetD4_2
Added Pin To Net: NetName=NetDS1_3 Pin=DS1-3
Added Pin To Net: NetName=NetDS1_3 Pin=DS1-8
Added Pin To Net: NetName=NetDS1_3 Pin=P2-2
Added Net: Name=NetDS1_3
Added Pin To Net: NetName=NetJ1_2 Pin=J1-2
Added Pin To Net: NetName=NetJ1_2 Pin=U1-6
Added Net: Name=NetJ1_2
Added Pin To Net: NetName=NetJ1_3 Pin=J1-3
Added Pin To Net: NetName=NetJ1_3 Pin=U1-5
Added Net: Name=NetJ1_3
Added Pin To Net: NetName=NetP3_1 Pin=P3-1
Added Pin To Net: NetName=NetP3_1 Pin=R1-1
Added Net: Name=NetP3_1
Added Pin To Net: NetName=NetP4_1 Pin=P4-1
Added Pin To Net: NetName=NetP4_1 Pin=R2-1
Added Net: Name=NetP4_1
Added Pin To Net: NetName=NetP5_1 Pin=P5-1
Added Pin To Net: NetName=NetP5_1 Pin=R3-1
Added Net: Name=NetP5_1
Added Pin To Net: NetName=NetP12_1 Pin=P12-1
Added Pin To Net: NetName=NetP12_1 Pin=Q1-2
Added Net: Name=NetP12_1
Added Pin To Net: NetName=NetQ1_1 Pin=Q1-1
Added Pin To Net: NetName=NetQ1_1 Pin=Z1-2
Added Net: Name=NetQ1_1
Added Pin To Net: NetName=NetR5_3 Pin=R5-3
Added Pin To Net: NetName=NetR5_3 Pin=U4-3
Added Net: Name=NetR5_3
Added Pin To Net: NetName=NetU2_2 Pin=U2-2
Added Pin To Net: NetName=NetU2_2 Pin=X1-2
Added Net: Name=NetU2_2
Added Pin To Net: NetName=NetU2_3 Pin=U2-3
Added Pin To Net: NetName=NetU2_3 Pin=X1-1
Added Net: Name=NetU2_3
Added Pin To Net: NetName=P0.0 Pin=P10-2
Added Pin To Net: NetName=P0.0 Pin=U5-39
Added Net: Name=P0.0
Added Pin To Net: NetName=P0.1 Pin=P10-3
Added Pin To Net: NetName=P0.1 Pin=U5-38
Added Net: Name=P0.1
Added Pin To Net: NetName=P0.2 Pin=P10-4
Added Pin To Net: NetName=P0.2 Pin=U5-37
Added Net: Name=P0.2
Added Pin To Net: NetName=P0.3 Pin=P10-5
Added Pin To Net: NetName=P0.3 Pin=U4-17
Added Pin To Net: NetName=P0.3 Pin=U5-36
Added Net: Name=P0.3
Added Pin To Net: NetName=P0.4 Pin=P10-6
Added Pin To Net: NetName=P0.4 Pin=U4-15
Added Pin To Net: NetName=P0.4 Pin=U5-35
Added Net: Name=P0.4
Added Pin To Net: NetName=P0.5 Pin=P10-7
Added Pin To Net: NetName=P0.5 Pin=U4-6
Added Pin To Net: NetName=P0.5 Pin=U5-34
Added Net: Name=P0.5
Added Pin To Net: NetName=P0.6 Pin=P10-8
Added Pin To Net: NetName=P0.6 Pin=U4-5
Added Pin To Net: NetName=P0.6 Pin=U5-33
Added Net: Name=P0.6
Added Pin To Net: NetName=P0.7 Pin=P10-9
Added Pin To Net: NetName=P0.7 Pin=U4-4
Added Pin To Net: NetName=P0.7 Pin=U5-32
Added Net: Name=P0.7
Added Pin To Net: NetName=P1.0 Pin=U2-7
Added Pin To Net: NetName=P1.0 Pin=U5-1
Added Net: Name=P1.0
Added Pin To Net: NetName=P1.1 Pin=U2-6
Added Pin To Net: NetName=P1.1 Pin=U5-2
Added Net: Name=P1.1
Added Pin To Net: NetName=P1.2 Pin=U2-5
Added Pin To Net: NetName=P1.2 Pin=U5-3
Added Net: Name=P1.2
Added Pin To Net: NetName=P2.0 Pin=DS1-7
Added Pin To Net: NetName=P2.0 Pin=U4-7
Added Pin To Net: NetName=P2.0 Pin=U5-21
Added Net: Name=P2.0
Added Pin To Net: NetName=P2.1 Pin=DS1-6
Added Pin To Net: NetName=P2.1 Pin=U4-8
Added Pin To Net: NetName=P2.1 Pin=U5-22
Added Net: Name=P2.1
Added Pin To Net: NetName=P2.2 Pin=DS1-4
Added Pin To Net: NetName=P2.2 Pin=U4-9
Added Pin To Net: NetName=P2.2 Pin=U5-23
Added Net: Name=P2.2
Added Pin To Net: NetName=P2.3 Pin=DS1-2
Added Pin To Net: NetName=P2.3 Pin=U4-10
Added Pin To Net: NetName=P2.3 Pin=U5-24
Added Net: Name=P2.3
Added Pin To Net: NetName=P2.4 Pin=DS1-1
Added Pin To Net: NetName=P2.4 Pin=U4-11
Added Pin To Net: NetName=P2.4 Pin=U5-25
Added Net: Name=P2.4
Added Pin To Net: NetName=P2.5 Pin=DS1-9
Added Pin To Net: NetName=P2.5 Pin=U4-12
Added Pin To Net: NetName=P2.5 Pin=U5-26
Added Net: Name=P2.5
Added Pin To Net: NetName=P2.6 Pin=DS1-10
Added Pin To Net: NetName=P2.6 Pin=U4-13
Added Pin To Net: NetName=P2.6 Pin=U5-27
Added Net: Name=P2.6
Added Pin To Net: NetName=P2.7 Pin=DS1-5
Added Pin To Net: NetName=P2.7 Pin=U4-14
Added Pin To Net: NetName=P2.7 Pin=U5-28
Added Net: Name=P2.7
Added Pin To Net: NetName=P3.0 Pin=D2-1
Added Pin To Net: NetName=P3.0 Pin=P4-2
Added Pin To Net: NetName=P3.0 Pin=U5-10
Added Net: Name=P3.0
Added Pin To Net: NetName=P3.1 Pin=P5-2
Added Pin To Net: NetName=P3.1 Pin=U1-3
Added Pin To Net: NetName=P3.1 Pin=U5-11
Added Net: Name=P3.1
Added Pin To Net: NetName=P3.6 Pin=P12-2
Added Pin To Net: NetName=P3.6 Pin=U5-16
Added Net: Name=P3.6
Added Pin To Net: NetName=RST Pin=C8-2
Added Pin To Net: NetName=RST Pin=R4-2
Added Pin To Net: NetName=RST Pin=RESET-2
Added Pin To Net: NetName=RST Pin=RESET-4
Added Pin To Net: NetName=RST Pin=U5-9
Added Net: Name=RST
Added Pin To Net: NetName=VCC Pin=C8-1
Added Pin To Net: NetName=VCC Pin=P2-1
Added Pin To Net: NetName=VCC Pin=P10-1
Added Pin To Net: NetName=VCC Pin=R1-2
Added Pin To Net: NetName=VCC Pin=R2-2
Added Pin To Net: NetName=VCC Pin=R3-2
Added Pin To Net: NetName=VCC Pin=R5-1
Added Pin To Net: NetName=VCC Pin=RESET-1
Added Pin To Net: NetName=VCC Pin=RESET-3
Added Pin To Net: NetName=VCC Pin=S1-1
Added Pin To Net: NetName=VCC Pin=S1-6
Added Pin To Net: NetName=VCC Pin=U2-1
Added Pin To Net: NetName=VCC Pin=U4-2
Added Pin To Net: NetName=VCC Pin=U4-19
Added Pin To Net: NetName=VCC Pin=U5-31
Added Pin To Net: NetName=VCC Pin=U5-40
Added Pin To Net: NetName=VCC Pin=Z1-1
Added Net: Name=VCC
Added Pin To Net: NetName=XTAL1 Pin=C9-2
Added Pin To Net: NetName=XTAL1 Pin=P11-1
Added Pin To Net: NetName=XTAL1 Pin=U5-19
Added Net: Name=XTAL1
Added Pin To Net: NetName=XTAL2 Pin=C10-2
Added Pin To Net: NetName=XTAL2 Pin=P11-2
Added Pin To Net: NetName=XTAL2 Pin=U5-18
Added Net: Name=XTAL2
Added Class: Name=E-Card
